  Game.cpp
C:\Users\user\source\repos\ChaosOfSymbols\ChaosOfSymbols\Game.h(1,1): warning C4828: Файл содержит знак, начинающийся со смещения 0xc7, который является недопустимым в текущей исходной кодировке (кодовая страница 65001).
  (компиляция исходного файла "Game.cpp")
  
C:\Users\user\source\repos\ChaosOfSymbols\ChaosOfSymbols\Game.h(1,1): warning C4828: Файл содержит знак, начинающийся со смещения 0xc9, который является недопустимым в текущей исходной кодировке (кодовая страница 65001).
  (компиляция исходного файла "Game.cpp")
  
C:\Users\user\source\repos\ChaosOfSymbols\ChaosOfSymbols\Game.h(1,1): warning C4828: Файл содержит знак, начинающийся со смещения 0xcc, который является недопустимым в текущей исходной кодировке (кодовая страница 65001).
  (компиляция исходного файла "Game.cpp")
  
C:\Users\user\source\repos\ChaosOfSymbols\ChaosOfSymbols\Game.h(1,1): warning C4828: Файл содержит знак, начинающийся со смещения 0xcf, который является недопустимым в текущей исходной кодировке (кодовая страница 65001).
  (компиляция исходного файла "Game.cpp")
  
C:\Users\user\source\repos\ChaosOfSymbols\ChaosOfSymbols\Game.h(1,1): warning C4828: Файл содержит знак, начинающийся со смещения 0xd1, который является недопустимым в текущей исходной кодировке (кодовая страница 65001).
  (компиляция исходного файла "Game.cpp")
  
C:\Users\user\source\repos\ChaosOfSymbols\ChaosOfSymbols\Game.h(1,1): warning C4828: Файл содержит знак, начинающийся со смещения 0xd5, который является недопустимым в текущей исходной кодировке (кодовая страница 65001).
  (компиляция исходного файла "Game.cpp")
  
C:\Users\user\source\repos\ChaosOfSymbols\ChaosOfSymbols\Game.h(1,1): warning C4828: Файл содержит знак, начинающийся со смещения 0xd8, который является недопустимым в текущей исходной кодировке (кодовая страница 65001).
  (компиляция исходного файла "Game.cpp")
  
C:\Users\user\source\repos\ChaosOfSymbols\ChaosOfSymbols\Game.h(1,1): warning C4828: Файл содержит знак, начинающийся со смещения 0xdc, который является недопустимым в текущей исходной кодировке (кодовая страница 65001).
  (компиляция исходного файла "Game.cpp")
  
C:\Users\user\source\repos\ChaosOfSymbols\ChaosOfSymbols\Game.h(1,1): warning C4828: Файл содержит знак, начинающийся со смещения 0xdf, который является недопустимым в текущей исходной кодировке (кодовая страница 65001).
  (компиляция исходного файла "Game.cpp")
  
C:\Users\user\source\repos\ChaosOfSymbols\ChaosOfSymbols\Game.h(1,1): warning C4828: Файл содержит знак, начинающийся со смещения 0xe2, который является недопустимым в текущей исходной кодировке (кодовая страница 65001).
  (компиляция исходного файла "Game.cpp")
  
C:\Users\user\source\repos\ChaosOfSymbols\ChaosOfSymbols\Game.h(1,1): warning C4828: Файл содержит знак, начинающийся со смещения 0x1bf, который является недопустимым в текущей исходной кодировке (кодовая страница 65001).
  (компиляция исходного файла "Game.cpp")
  
C:\Users\user\source\repos\ChaosOfSymbols\ChaosOfSymbols\Game.h(1,1): warning C4828: Файл содержит знак, начинающийся со смещения 0x1c1, который является недопустимым в текущей исходной кодировке (кодовая страница 65001).
  (компиляция исходного файла "Game.cpp")
  
C:\Users\user\source\repos\ChaosOfSymbols\ChaosOfSymbols\Game.h(1,1): warning C4828: Файл содержит знак, начинающийся со смещения 0x1c4, который является недопустимым в текущей исходной кодировке (кодовая страница 65001).
  (компиляция исходного файла "Game.cpp")
  
C:\Users\user\source\repos\ChaosOfSymbols\ChaosOfSymbols\Game.h(1,1): warning C4828: Файл содержит знак, начинающийся со смещения 0x1c7, который является недопустимым в текущей исходной кодировке (кодовая страница 65001).
  (компиляция исходного файла "Game.cpp")
  
C:\Users\user\source\repos\ChaosOfSymbols\ChaosOfSymbols\Game.h(1,1): warning C4828: Файл содержит знак, начинающийся со смещения 0x1c9, который является недопустимым в текущей исходной кодировке (кодовая страница 65001).
  (компиляция исходного файла "Game.cpp")
  
C:\Users\user\source\repos\ChaosOfSymbols\ChaosOfSymbols\Game.h(1,1): warning C4828: Файл содержит знак, начинающийся со смещения 0x1cc, который является недопустимым в текущей исходной кодировке (кодовая страница 65001).
  (компиляция исходного файла "Game.cpp")
  
C:\Users\user\source\repos\ChaosOfSymbols\ChaosOfSymbols\Game.h(1,1): warning C4828: Файл содержит знак, начинающийся со смещения 0x1cf, который является недопустимым в текущей исходной кодировке (кодовая страница 65001).
  (компиляция исходного файла "Game.cpp")
  
C:\Users\user\source\repos\ChaosOfSymbols\ChaosOfSymbols\Game.h(1,1): warning C4828: Файл содержит знак, начинающийся со смещения 0x1d2, который является недопустимым в текущей исходной кодировке (кодовая страница 65001).
  (компиляция исходного файла "Game.cpp")
  
C:\Users\user\source\repos\ChaosOfSymbols\ChaosOfSymbols\Game.h(1,1): warning C4828: Файл содержит знак, начинающийся со смещения 0x1d5, который является недопустимым в текущей исходной кодировке (кодовая страница 65001).
  (компиляция исходного файла "Game.cpp")
  
C:\Users\user\source\repos\ChaosOfSymbols\ChaosOfSymbols\Game.h(1,1): warning C4828: Файл содержит знак, начинающийся со смещения 0x1d8, который является недопустимым в текущей исходной кодировке (кодовая страница 65001).
  (компиляция исходного файла "Game.cpp")
  
C:\Users\user\source\repos\ChaosOfSymbols\ChaosOfSymbols\Game.h(1,1): warning C4828: Файл содержит знак, начинающийся со смещения 0x1db, который является недопустимым в текущей исходной кодировке (кодовая страница 65001).
  (компиляция исходного файла "Game.cpp")
  
C:\Users\user\source\repos\ChaosOfSymbols\ChaosOfSymbols\Game.h(1,1): warning C4828: Файл содержит знак, начинающийся со смещения 0x1de, который является недопустимым в текущей исходной кодировке (кодовая страница 65001).
  (компиляция исходного файла "Game.cpp")
  
C:\Users\user\source\repos\ChaosOfSymbols\ChaosOfSymbols\Game.h(1,1): warning C4828: Файл содержит знак, начинающийся со смещения 0x258, который является недопустимым в текущей исходной кодировке (кодовая страница 65001).
  (компиляция исходного файла "Game.cpp")
  
C:\Users\user\source\repos\ChaosOfSymbols\ChaosOfSymbols\Game.h(1,1): warning C4828: Файл содержит знак, начинающийся со смещения 0x25a, который является недопустимым в текущей исходной кодировке (кодовая страница 65001).
  (компиляция исходного файла "Game.cpp")
  
C:\Users\user\source\repos\ChaosOfSymbols\ChaosOfSymbols\Game.h(1,1): warning C4828: Файл содержит знак, начинающийся со смещения 0x25d, который является недопустимым в текущей исходной кодировке (кодовая страница 65001).
  (компиляция исходного файла "Game.cpp")
  
C:\Users\user\source\repos\ChaosOfSymbols\ChaosOfSymbols\Game.h(1,1): warning C4828: Файл содержит знак, начинающийся со смещения 0x261, который является недопустимым в текущей исходной кодировке (кодовая страница 65001).
  (компиляция исходного файла "Game.cpp")
  
C:\Users\user\source\repos\ChaosOfSymbols\ChaosOfSymbols\Game.h(1,1): warning C4828: Файл содержит знак, начинающийся со смещения 0x264, который является недопустимым в текущей исходной кодировке (кодовая страница 65001).
  (компиляция исходного файла "Game.cpp")
  
C:\Users\user\source\repos\ChaosOfSymbols\ChaosOfSymbols\Game.h(1,1): warning C4828: Файл содержит знак, начинающийся со смещения 0x267, который является недопустимым в текущей исходной кодировке (кодовая страница 65001).
  (компиляция исходного файла "Game.cpp")
  
C:\Users\user\source\repos\ChaosOfSymbols\ChaosOfSymbols\Game.h(1,1): warning C4828: Файл содержит знак, начинающийся со смещения 0x26a, который является недопустимым в текущей исходной кодировке (кодовая страница 65001).
  (компиляция исходного файла "Game.cpp")
  
C:\Users\user\source\repos\ChaosOfSymbols\ChaosOfSymbols\Game.h(1,1): warning C4828: Файл содержит знак, начинающийся со смещения 0x26d, который является недопустимым в текущей исходной кодировке (кодовая страница 65001).
  (компиляция исходного файла "Game.cpp")
  
C:\Users\user\source\repos\ChaosOfSymbols\ChaosOfSymbols\Game.h(1,1): warning C4828: Файл содержит знак, начинающийся со смещения 0x270, который является недопустимым в текущей исходной кодировке (кодовая страница 65001).
  (компиляция исходного файла "Game.cpp")
  
C:\Users\user\source\repos\ChaosOfSymbols\ChaosOfSymbols\Game.h(1,1): warning C4828: Файл содержит знак, начинающийся со смещения 0x27c, который является недопустимым в текущей исходной кодировке (кодовая страница 65001).
  (компиляция исходного файла "Game.cpp")
  
C:\Users\user\source\repos\ChaosOfSymbols\ChaosOfSymbols\Game.h(1,1): warning C4828: Файл содержит знак, начинающийся со смещения 0x27e, который является недопустимым в текущей исходной кодировке (кодовая страница 65001).
  (компиляция исходного файла "Game.cpp")
  
C:\Users\user\source\repos\ChaosOfSymbols\ChaosOfSymbols\Game.h(1,1): warning C4828: Файл содержит знак, начинающийся со смещения 0x281, который является недопустимым в текущей исходной кодировке (кодовая страница 65001).
  (компиляция исходного файла "Game.cpp")
  
C:\Users\user\source\repos\ChaosOfSymbols\ChaosOfSymbols\Game.h(1,1): warning C4828: Файл содержит знак, начинающийся со смещения 0x284, который является недопустимым в текущей исходной кодировке (кодовая страница 65001).
  (компиляция исходного файла "Game.cpp")
  
C:\Users\user\source\repos\ChaosOfSymbols\ChaosOfSymbols\Game.h(1,1): warning C4828: Файл содержит знак, начинающийся со смещения 0x286, который является недопустимым в текущей исходной кодировке (кодовая страница 65001).
  (компиляция исходного файла "Game.cpp")
  
C:\Users\user\source\repos\ChaosOfSymbols\ChaosOfSymbols\Game.h(1,1): warning C4828: Файл содержит знак, начинающийся со смещения 0x289, который является недопустимым в текущей исходной кодировке (кодовая страница 65001).
  (компиляция исходного файла "Game.cpp")
  
C:\Users\user\source\repos\ChaosOfSymbols\ChaosOfSymbols\Game.h(1,1): warning C4828: Файл содержит знак, начинающийся со смещения 0x28c, который является недопустимым в текущей исходной кодировке (кодовая страница 65001).
  (компиляция исходного файла "Game.cpp")
  
C:\Users\user\source\repos\ChaosOfSymbols\ChaosOfSymbols\Game.h(1,1): warning C4828: Файл содержит знак, начинающийся со смещения 0x28f, который является недопустимым в текущей исходной кодировке (кодовая страница 65001).
  (компиляция исходного файла "Game.cpp")
  
C:\Users\user\source\repos\ChaosOfSymbols\ChaosOfSymbols\Game.h(1,1): warning C4828: Файл содержит знак, начинающийся со смещения 0x292, который является недопустимым в текущей исходной кодировке (кодовая страница 65001).
  (компиляция исходного файла "Game.cpp")
  
C:\Users\user\source\repos\ChaosOfSymbols\ChaosOfSymbols\Game.h(1,1): warning C4828: Файл содержит знак, начинающийся со смещения 0x561, который является недопустимым в текущей исходной кодировке (кодовая страница 65001).
  (компиляция исходного файла "Game.cpp")
  
C:\Users\user\source\repos\ChaosOfSymbols\ChaosOfSymbols\Game.h(1,1): warning C4828: Файл содержит знак, начинающийся со смещения 0x563, который является недопустимым в текущей исходной кодировке (кодовая страница 65001).
  (компиляция исходного файла "Game.cpp")
  
C:\Users\user\source\repos\ChaosOfSymbols\ChaosOfSymbols\Game.h(1,1): warning C4828: Файл содержит знак, начинающийся со смещения 0x566, который является недопустимым в текущей исходной кодировке (кодовая страница 65001).
  (компиляция исходного файла "Game.cpp")
  
C:\Users\user\source\repos\ChaosOfSymbols\ChaosOfSymbols\Game.h(1,1): warning C4828: Файл содержит знак, начинающийся со смещения 0x569, который является недопустимым в текущей исходной кодировке (кодовая страница 65001).
  (компиляция исходного файла "Game.cpp")
  
C:\Users\user\source\repos\ChaosOfSymbols\ChaosOfSymbols\Game.h(1,1): warning C4828: Файл содержит знак, начинающийся со смещения 0x56b, который является недопустимым в текущей исходной кодировке (кодовая страница 65001).
  (компиляция исходного файла "Game.cpp")
  
C:\Users\user\source\repos\ChaosOfSymbols\ChaosOfSymbols\Game.h(1,1): warning C4828: Файл содержит знак, начинающийся со смещения 0x56e, который является недопустимым в текущей исходной кодировке (кодовая страница 65001).
  (компиляция исходного файла "Game.cpp")
  
C:\Users\user\source\repos\ChaosOfSymbols\ChaosOfSymbols\Game.h(1,1): warning C4828: Файл содержит знак, начинающийся со смещения 0x571, который является недопустимым в текущей исходной кодировке (кодовая страница 65001).
  (компиляция исходного файла "Game.cpp")
  
C:\Users\user\source\repos\ChaosOfSymbols\ChaosOfSymbols\Game.h(1,1): warning C4828: Файл содержит знак, начинающийся со смещения 0x575, который является недопустимым в текущей исходной кодировке (кодовая страница 65001).
  (компиляция исходного файла "Game.cpp")
  
C:\Users\user\source\repos\ChaosOfSymbols\ChaosOfSymbols\Game.h(1,1): warning C4828: Файл содержит знак, начинающийся со смещения 0x579, который является недопустимым в текущей исходной кодировке (кодовая страница 65001).
  (компиляция исходного файла "Game.cpp")
  
C:\Users\user\source\repos\ChaosOfSymbols\ChaosOfSymbols\Game.h(1,1): warning C4828: Файл содержит знак, начинающийся со смещения 0x57c, который является недопустимым в текущей исходной кодировке (кодовая страница 65001).
  (компиляция исходного файла "Game.cpp")
  
C:\Users\user\source\repos\ChaosOfSymbols\ChaosOfSymbols\Game.h(1,1): warning C4828: Файл содержит знак, начинающийся со смещения 0x57f, который является недопустимым в текущей исходной кодировке (кодовая страница 65001).
  (компиляция исходного файла "Game.cpp")
  
C:\Users\user\source\repos\ChaosOfSymbols\ChaosOfSymbols\Game.h(1,1): warning C4828: Файл содержит знак, начинающийся со смещения 0x582, который является недопустимым в текущей исходной кодировке (кодовая страница 65001).
  (компиляция исходного файла "Game.cpp")
  
C:\Users\user\source\repos\ChaosOfSymbols\ChaosOfSymbols\Game.h(1,1): warning C4828: Файл содержит знак, начинающийся со смещения 0x585, который является недопустимым в текущей исходной кодировке (кодовая страница 65001).
  (компиляция исходного файла "Game.cpp")
  
C:\Users\user\source\repos\ChaosOfSymbols\ChaosOfSymbols\Game.h(1,1): warning C4828: Файл содержит знак, начинающийся со смещения 0x61f, который является недопустимым в текущей исходной кодировке (кодовая страница 65001).
  (компиляция исходного файла "Game.cpp")
  
C:\Users\user\source\repos\ChaosOfSymbols\ChaosOfSymbols\Game.h(1,1): warning C4828: Файл содержит знак, начинающийся со смещения 0x621, который является недопустимым в текущей исходной кодировке (кодовая страница 65001).
  (компиляция исходного файла "Game.cpp")
  
C:\Users\user\source\repos\ChaosOfSymbols\ChaosOfSymbols\Game.h(1,1): warning C4828: Файл содержит знак, начинающийся со смещения 0x624, который является недопустимым в текущей исходной кодировке (кодовая страница 65001).
  (компиляция исходного файла "Game.cpp")
  
C:\Users\user\source\repos\ChaosOfSymbols\ChaosOfSymbols\Game.h(1,1): warning C4828: Файл содержит знак, начинающийся со смещения 0x627, который является недопустимым в текущей исходной кодировке (кодовая страница 65001).
  (компиляция исходного файла "Game.cpp")
  
C:\Users\user\source\repos\ChaosOfSymbols\ChaosOfSymbols\Game.h(1,1): warning C4828: Файл содержит знак, начинающийся со смещения 0x62a, который является недопустимым в текущей исходной кодировке (кодовая страница 65001).
  (компиляция исходного файла "Game.cpp")
  
C:\Users\user\source\repos\ChaosOfSymbols\ChaosOfSymbols\Game.h(1,1): warning C4828: Файл содержит знак, начинающийся со смещения 0x64d, который является недопустимым в текущей исходной кодировке (кодовая страница 65001).
  (компиляция исходного файла "Game.cpp")
  
C:\Users\user\source\repos\ChaosOfSymbols\ChaosOfSymbols\Game.h(1,1): warning C4828: Файл содержит знак, начинающийся со смещения 0x64f, который является недопустимым в текущей исходной кодировке (кодовая страница 65001).
  (компиляция исходного файла "Game.cpp")
  
C:\Users\user\source\repos\ChaosOfSymbols\ChaosOfSymbols\Game.h(1,1): warning C4828: Файл содержит знак, начинающийся со смещения 0x652, который является недопустимым в текущей исходной кодировке (кодовая страница 65001).
  (компиляция исходного файла "Game.cpp")
  
C:\Users\user\source\repos\ChaosOfSymbols\ChaosOfSymbols\Game.h(1,1): warning C4828: Файл содержит знак, начинающийся со смещения 0x655, который является недопустимым в текущей исходной кодировке (кодовая страница 65001).
  (компиляция исходного файла "Game.cpp")
  
C:\Users\user\source\repos\ChaosOfSymbols\ChaosOfSymbols\Game.h(1,1): warning C4828: Файл содержит знак, начинающийся со смещения 0x659, который является недопустимым в текущей исходной кодировке (кодовая страница 65001).
  (компиляция исходного файла "Game.cpp")
  
C:\Users\user\source\repos\ChaosOfSymbols\ChaosOfSymbols\Game.h(1,1): warning C4828: Файл содержит знак, начинающийся со смещения 0x67e, который является недопустимым в текущей исходной кодировке (кодовая страница 65001).
  (компиляция исходного файла "Game.cpp")
  
C:\Users\user\source\repos\ChaosOfSymbols\ChaosOfSymbols\Game.h(1,1): warning C4828: Файл содержит знак, начинающийся со смещения 0x680, который является недопустимым в текущей исходной кодировке (кодовая страница 65001).
  (компиляция исходного файла "Game.cpp")
  
C:\Users\user\source\repos\ChaosOfSymbols\ChaosOfSymbols\Game.h(1,1): warning C4828: Файл содержит знак, начинающийся со смещения 0x681, который является недопустимым в текущей исходной кодировке (кодовая страница 65001).
  (компиляция исходного файла "Game.cpp")
  
C:\Users\user\source\repos\ChaosOfSymbols\ChaosOfSymbols\Game.h(1,1): warning C4828: Файл содержит знак, начинающийся со смещения 0x686, который является недопустимым в текущей исходной кодировке (кодовая страница 65001).
  (компиляция исходного файла "Game.cpp")
  
C:\Users\user\source\repos\ChaosOfSymbols\ChaosOfSymbols\Game.h(1,1): warning C4828: Файл содержит знак, начинающийся со смещения 0x68a, который является недопустимым в текущей исходной кодировке (кодовая страница 65001).
  (компиляция исходного файла "Game.cpp")
  
C:\Users\user\source\repos\ChaosOfSymbols\ChaosOfSymbols\Game.h(1,1): warning C4828: Файл содержит знак, начинающийся со смещения 0x68e, который является недопустимым в текущей исходной кодировке (кодовая страница 65001).
  (компиляция исходного файла "Game.cpp")
  
C:\Users\user\source\repos\ChaosOfSymbols\ChaosOfSymbols\Game.h(1,1): warning C4828: Файл содержит знак, начинающийся со смещения 0x691, который является недопустимым в текущей исходной кодировке (кодовая страница 65001).
  (компиляция исходного файла "Game.cpp")
  
C:\Users\user\source\repos\ChaosOfSymbols\ChaosOfSymbols\Game.h(1,1): warning C4828: Файл содержит знак, начинающийся со смещения 0x695, который является недопустимым в текущей исходной кодировке (кодовая страница 65001).
  (компиляция исходного файла "Game.cpp")
  
C:\Users\user\source\repos\ChaosOfSymbols\ChaosOfSymbols\Game.h(1,1): warning C4828: Файл содержит знак, начинающийся со смещения 0x9b4, который является недопустимым в текущей исходной кодировке (кодовая страница 65001).
  (компиляция исходного файла "Game.cpp")
  
C:\Users\user\source\repos\ChaosOfSymbols\ChaosOfSymbols\Game.h(1,1): warning C4828: Файл содержит знак, начинающийся со смещения 0x9b6, который является недопустимым в текущей исходной кодировке (кодовая страница 65001).
  (компиляция исходного файла "Game.cpp")
  
C:\Users\user\source\repos\ChaosOfSymbols\ChaosOfSymbols\Game.h(1,1): warning C4828: Файл содержит знак, начинающийся со смещения 0x9ba, который является недопустимым в текущей исходной кодировке (кодовая страница 65001).
  (компиляция исходного файла "Game.cpp")
  
C:\Users\user\source\repos\ChaosOfSymbols\ChaosOfSymbols\Game.h(1,1): warning C4828: Файл содержит знак, начинающийся со смещения 0x9be, который является недопустимым в текущей исходной кодировке (кодовая страница 65001).
  (компиляция исходного файла "Game.cpp")
  
C:\Users\user\source\repos\ChaosOfSymbols\ChaosOfSymbols\Game.h(1,1): warning C4828: Файл содержит знак, начинающийся со смещения 0x9c1, который является недопустимым в текущей исходной кодировке (кодовая страница 65001).
  (компиляция исходного файла "Game.cpp")
  
C:\Users\user\source\repos\ChaosOfSymbols\ChaosOfSymbols\Game.h(1,1): warning C4828: Файл содержит знак, начинающийся со смещения 0x9c5, который является недопустимым в текущей исходной кодировке (кодовая страница 65001).
  (компиляция исходного файла "Game.cpp")
  
C:\Users\user\source\repos\ChaosOfSymbols\ChaosOfSymbols\Game.h(1,1): warning C4828: Файл содержит знак, начинающийся со смещения 0x9c8, который является недопустимым в текущей исходной кодировке (кодовая страница 65001).
  (компиляция исходного файла "Game.cpp")
  
C:\Users\user\source\repos\ChaosOfSymbols\ChaosOfSymbols\Game.h(1,1): warning C4828: Файл содержит знак, начинающийся со смещения 0x9cb, который является недопустимым в текущей исходной кодировке (кодовая страница 65001).
  (компиляция исходного файла "Game.cpp")
  
C:\Users\user\source\repos\ChaosOfSymbols\ChaosOfSymbols\Game.h(1,1): warning C4828: Файл содержит знак, начинающийся со смещения 0x9ef, который является недопустимым в текущей исходной кодировке (кодовая страница 65001).
  (компиляция исходного файла "Game.cpp")
  
C:\Users\user\source\repos\ChaosOfSymbols\ChaosOfSymbols\Game.h(1,1): warning C4828: Файл содержит знак, начинающийся со смещения 0x9f1, который является недопустимым в текущей исходной кодировке (кодовая страница 65001).
  (компиляция исходного файла "Game.cpp")
  
C:\Users\user\source\repos\ChaosOfSymbols\ChaosOfSymbols\Game.h(1,1): warning C4828: Файл содержит знак, начинающийся со смещения 0x9f4, который является недопустимым в текущей исходной кодировке (кодовая страница 65001).
  (компиляция исходного файла "Game.cpp")
  
C:\Users\user\source\repos\ChaosOfSymbols\ChaosOfSymbols\Game.h(1,1): warning C4828: Файл содержит знак, начинающийся со смещения 0x9f8, который является недопустимым в текущей исходной кодировке (кодовая страница 65001).
  (компиляция исходного файла "Game.cpp")
  
C:\Users\user\source\repos\ChaosOfSymbols\ChaosOfSymbols\Game.h(1,1): warning C4828: Файл содержит знак, начинающийся со смещения 0x9fb, который является недопустимым в текущей исходной кодировке (кодовая страница 65001).
  (компиляция исходного файла "Game.cpp")
  
C:\Users\user\source\repos\ChaosOfSymbols\ChaosOfSymbols\Game.h(1,1): warning C4828: Файл содержит знак, начинающийся со смещения 0x9fc, который является недопустимым в текущей исходной кодировке (кодовая страница 65001).
  (компиляция исходного файла "Game.cpp")
  
C:\Users\user\source\repos\ChaosOfSymbols\ChaosOfSymbols\Game.h(1,1): warning C4828: Файл содержит знак, начинающийся со смещения 0x9fd, который является недопустимым в текущей исходной кодировке (кодовая страница 65001).
  (компиляция исходного файла "Game.cpp")
  
C:\Users\user\source\repos\ChaosOfSymbols\ChaosOfSymbols\Game.h(1,1): warning C4828: Файл содержит знак, начинающийся со смещения 0xa00, который является недопустимым в текущей исходной кодировке (кодовая страница 65001).
  (компиляция исходного файла "Game.cpp")
  
C:\Users\user\source\repos\ChaosOfSymbols\ChaosOfSymbols\Game.h(1,1): warning C4828: Файл содержит знак, начинающийся со смещения 0xa02, который является недопустимым в текущей исходной кодировке (кодовая страница 65001).
  (компиляция исходного файла "Game.cpp")
  
C:\Users\user\source\repos\ChaosOfSymbols\ChaosOfSymbols\Game.h(1,1): warning C4828: Файл содержит знак, начинающийся со смещения 0xa06, который является недопустимым в текущей исходной кодировке (кодовая страница 65001).
  (компиляция исходного файла "Game.cpp")
  
C:\Users\user\source\repos\ChaosOfSymbols\ChaosOfSymbols\World.h(1,1): warning C4828: Файл содержит знак, начинающийся со смещения 0xcc, который является недопустимым в текущей исходной кодировке (кодовая страница 65001).
  (компиляция исходного файла "Game.cpp")
  
C:\Users\user\source\repos\ChaosOfSymbols\ChaosOfSymbols\World.h(1,1): warning C4828: Файл содержит знак, начинающийся со смещения 0xce, который является недопустимым в текущей исходной кодировке (кодовая страница 65001).
  (компиляция исходного файла "Game.cpp")
  
C:\Users\user\source\repos\ChaosOfSymbols\ChaosOfSymbols\World.h(1,1): warning C4828: Файл содержит знак, начинающийся со смещения 0xcf, который является недопустимым в текущей исходной кодировке (кодовая страница 65001).
  (компиляция исходного файла "Game.cpp")
  
C:\Users\user\source\repos\ChaosOfSymbols\ChaosOfSymbols\World.h(1,1): warning C4828: Файл содержит знак, начинающийся со смещения 0xd0, который является недопустимым в текущей исходной кодировке (кодовая страница 65001).
  (компиляция исходного файла "Game.cpp")
  
C:\Users\user\source\repos\ChaosOfSymbols\ChaosOfSymbols\World.h(1,1): warning C4828: Файл содержит знак, начинающийся со смещения 0xd2, который является недопустимым в текущей исходной кодировке (кодовая страница 65001).
  (компиляция исходного файла "Game.cpp")
  
C:\Users\user\source\repos\ChaosOfSymbols\ChaosOfSymbols\World.h(1,1): warning C4828: Файл содержит знак, начинающийся со смещения 0xd5, который является недопустимым в текущей исходной кодировке (кодовая страница 65001).
  (компиляция исходного файла "Game.cpp")
  
C:\Users\user\source\repos\ChaosOfSymbols\ChaosOfSymbols\World.h(1,1): warning C4828: Файл содержит знак, начинающийся со смещения 0xd7, который является недопустимым в текущей исходной кодировке (кодовая страница 65001).
  (компиляция исходного файла "Game.cpp")
  
C:\Users\user\source\repos\ChaosOfSymbols\ChaosOfSymbols\World.h(1,1): warning C4828: Файл содержит знак, начинающийся со смещения 0x30a, который является недопустимым в текущей исходной кодировке (кодовая страница 65001).
  (компиляция исходного файла "Game.cpp")
  
C:\Users\user\source\repos\ChaosOfSymbols\ChaosOfSymbols\World.h(1,1): warning C4828: Файл содержит знак, начинающийся со смещения 0x30c, который является недопустимым в текущей исходной кодировке (кодовая страница 65001).
  (компиляция исходного файла "Game.cpp")
  
C:\Users\user\source\repos\ChaosOfSymbols\ChaosOfSymbols\World.h(1,1): warning C4828: Файл содержит знак, начинающийся со смещения 0x30d, который является недопустимым в текущей исходной кодировке (кодовая страница 65001).
  (компиляция исходного файла "Game.cpp")
  
C:\Users\user\source\repos\ChaosOfSymbols\ChaosOfSymbols\World.h(1,1): warning C4828: Файл содержит знак, начинающийся со смещения 0x30e, который является недопустимым в текущей исходной кодировке (кодовая страница 65001).
  (компиляция исходного файла "Game.cpp")
  
C:\Users\user\source\repos\ChaosOfSymbols\ChaosOfSymbols\World.h(1,1): warning C4828: Файл содержит знак, начинающийся со смещения 0x310, который является недопустимым в текущей исходной кодировке (кодовая страница 65001).
  (компиляция исходного файла "Game.cpp")
  
C:\Users\user\source\repos\ChaosOfSymbols\ChaosOfSymbols\World.h(1,1): warning C4828: Файл содержит знак, начинающийся со смещения 0x313, который является недопустимым в текущей исходной кодировке (кодовая страница 65001).
  (компиляция исходного файла "Game.cpp")
  
C:\Users\user\source\repos\ChaosOfSymbols\ChaosOfSymbols\World.h(1,1): warning C4828: Файл содержит знак, начинающийся со смещения 0x315, который является недопустимым в текущей исходной кодировке (кодовая страница 65001).
  (компиляция исходного файла "Game.cpp")
  
C:\Users\user\source\repos\ChaosOfSymbols\ChaosOfSymbols\World.h(1,1): warning C4828: Файл содержит знак, начинающийся со смещения 0x350, который является недопустимым в текущей исходной кодировке (кодовая страница 65001).
  (компиляция исходного файла "Game.cpp")
  
C:\Users\user\source\repos\ChaosOfSymbols\ChaosOfSymbols\World.h(1,1): warning C4828: Файл содержит знак, начинающийся со смещения 0x352, который является недопустимым в текущей исходной кодировке (кодовая страница 65001).
  (компиляция исходного файла "Game.cpp")
  
C:\Users\user\source\repos\ChaosOfSymbols\ChaosOfSymbols\World.h(1,1): warning C4828: Файл содержит знак, начинающийся со смещения 0x353, который является недопустимым в текущей исходной кодировке (кодовая страница 65001).
  (компиляция исходного файла "Game.cpp")
  
C:\Users\user\source\repos\ChaosOfSymbols\ChaosOfSymbols\World.h(1,1): warning C4828: Файл содержит знак, начинающийся со смещения 0x354, который является недопустимым в текущей исходной кодировке (кодовая страница 65001).
  (компиляция исходного файла "Game.cpp")
  
C:\Users\user\source\repos\ChaosOfSymbols\ChaosOfSymbols\World.h(1,1): warning C4828: Файл содержит знак, начинающийся со смещения 0x356, который является недопустимым в текущей исходной кодировке (кодовая страница 65001).
  (компиляция исходного файла "Game.cpp")
  
C:\Users\user\source\repos\ChaosOfSymbols\ChaosOfSymbols\World.h(1,1): warning C4828: Файл содержит знак, начинающийся со смещения 0x359, который является недопустимым в текущей исходной кодировке (кодовая страница 65001).
  (компиляция исходного файла "Game.cpp")
  
C:\Users\user\source\repos\ChaosOfSymbols\ChaosOfSymbols\World.h(1,1): warning C4828: Файл содержит знак, начинающийся со смещения 0x35b, который является недопустимым в текущей исходной кодировке (кодовая страница 65001).
  (компиляция исходного файла "Game.cpp")
  
C:\Users\user\source\repos\ChaosOfSymbols\ChaosOfSymbols\World.h(1,1): warning C4828: Файл содержит знак, начинающийся со смещения 0x41c, который является недопустимым в текущей исходной кодировке (кодовая страница 65001).
  (компиляция исходного файла "Game.cpp")
  
C:\Users\user\source\repos\ChaosOfSymbols\ChaosOfSymbols\World.h(1,1): warning C4828: Файл содержит знак, начинающийся со смещения 0x41e, который является недопустимым в текущей исходной кодировке (кодовая страница 65001).
  (компиляция исходного файла "Game.cpp")
  
C:\Users\user\source\repos\ChaosOfSymbols\ChaosOfSymbols\World.h(1,1): warning C4828: Файл содержит знак, начинающийся со смещения 0x421, который является недопустимым в текущей исходной кодировке (кодовая страница 65001).
  (компиляция исходного файла "Game.cpp")
  
C:\Users\user\source\repos\ChaosOfSymbols\ChaosOfSymbols\World.h(1,1): warning C4828: Файл содержит знак, начинающийся со смещения 0x424, который является недопустимым в текущей исходной кодировке (кодовая страница 65001).
  (компиляция исходного файла "Game.cpp")
  
C:\Users\user\source\repos\ChaosOfSymbols\ChaosOfSymbols\World.h(1,1): warning C4828: Файл содержит знак, начинающийся со смещения 0x427, который является недопустимым в текущей исходной кодировке (кодовая страница 65001).
  (компиляция исходного файла "Game.cpp")
  
C:\Users\user\source\repos\ChaosOfSymbols\ChaosOfSymbols\World.h(1,1): warning C4828: Файл содержит знак, начинающийся со смещения 0x42b, который является недопустимым в текущей исходной кодировке (кодовая страница 65001).
  (компиляция исходного файла "Game.cpp")
  
C:\Users\user\source\repos\ChaosOfSymbols\ChaosOfSymbols\World.h(1,1): warning C4828: Файл содержит знак, начинающийся со смещения 0x42f, который является недопустимым в текущей исходной кодировке (кодовая страница 65001).
  (компиляция исходного файла "Game.cpp")
  
C:\Users\user\source\repos\ChaosOfSymbols\ChaosOfSymbols\World.h(1,1): warning C4828: Файл содержит знак, начинающийся со смещения 0x430, который является недопустимым в текущей исходной кодировке (кодовая страница 65001).
  (компиляция исходного файла "Game.cpp")
  
C:\Users\user\source\repos\ChaosOfSymbols\ChaosOfSymbols\World.h(1,1): warning C4828: Файл содержит знак, начинающийся со смещения 0x433, который является недопустимым в текущей исходной кодировке (кодовая страница 65001).
  (компиляция исходного файла "Game.cpp")
  
C:\Users\user\source\repos\ChaosOfSymbols\ChaosOfSymbols\World.h(1,1): warning C4828: Файл содержит знак, начинающийся со смещения 0x436, который является недопустимым в текущей исходной кодировке (кодовая страница 65001).
  (компиляция исходного файла "Game.cpp")
  
C:\Users\user\source\repos\ChaosOfSymbols\ChaosOfSymbols\World.h(1,1): warning C4828: Файл содержит знак, начинающийся со смещения 0x439, который является недопустимым в текущей исходной кодировке (кодовая страница 65001).
  (компиляция исходного файла "Game.cpp")
  
C:\Users\user\source\repos\ChaosOfSymbols\ChaosOfSymbols\World.h(1,1): warning C4828: Файл содержит знак, начинающийся со смещения 0x43c, который является недопустимым в текущей исходной кодировке (кодовая страница 65001).
  (компиляция исходного файла "Game.cpp")
  
C:\Users\user\source\repos\ChaosOfSymbols\ChaosOfSymbols\World.h(1,1): warning C4828: Файл содержит знак, начинающийся со смещения 0x43f, который является недопустимым в текущей исходной кодировке (кодовая страница 65001).
  (компиляция исходного файла "Game.cpp")
  
C:\Users\user\source\repos\ChaosOfSymbols\ChaosOfSymbols\World.h(1,1): warning C4828: Файл содержит знак, начинающийся со смещения 0x442, который является недопустимым в текущей исходной кодировке (кодовая страница 65001).
  (компиляция исходного файла "Game.cpp")
  
C:\Users\user\source\repos\ChaosOfSymbols\ChaosOfSymbols\World.h(1,1): warning C4828: Файл содержит знак, начинающийся со смещения 0x445, который является недопустимым в текущей исходной кодировке (кодовая страница 65001).
  (компиляция исходного файла "Game.cpp")
  
C:\Users\user\source\repos\ChaosOfSymbols\ChaosOfSymbols\World.h(1,1): warning C4828: Файл содержит знак, начинающийся со смещения 0x449, который является недопустимым в текущей исходной кодировке (кодовая страница 65001).
  (компиляция исходного файла "Game.cpp")
  
C:\Users\user\source\repos\ChaosOfSymbols\ChaosOfSymbols\World.h(1,1): warning C4828: Файл содержит знак, начинающийся со смещения 0x44d, который является недопустимым в текущей исходной кодировке (кодовая страница 65001).
  (компиляция исходного файла "Game.cpp")
  
C:\Users\user\source\repos\ChaosOfSymbols\ChaosOfSymbols\World.h(1,1): warning C4828: Файл содержит знак, начинающийся со смещения 0x4c8, который является недопустимым в текущей исходной кодировке (кодовая страница 65001).
  (компиляция исходного файла "Game.cpp")
  
C:\Users\user\source\repos\ChaosOfSymbols\ChaosOfSymbols\World.h(1,1): warning C4828: Файл содержит знак, начинающийся со смещения 0x4ca, который является недопустимым в текущей исходной кодировке (кодовая страница 65001).
  (компиляция исходного файла "Game.cpp")
  
C:\Users\user\source\repos\ChaosOfSymbols\ChaosOfSymbols\World.h(1,1): warning C4828: Файл содержит знак, начинающийся со смещения 0x4cf, который является недопустимым в текущей исходной кодировке (кодовая страница 65001).
  (компиляция исходного файла "Game.cpp")
  
C:\Users\user\source\repos\ChaosOfSymbols\ChaosOfSymbols\World.h(1,1): warning C4828: Файл содержит знак, начинающийся со смещения 0x4d3, который является недопустимым в текущей исходной кодировке (кодовая страница 65001).
  (компиляция исходного файла "Game.cpp")
  
C:\Users\user\source\repos\ChaosOfSymbols\ChaosOfSymbols\World.h(1,1): warning C4828: Файл содержит знак, начинающийся со смещения 0x4d6, который является недопустимым в текущей исходной кодировке (кодовая страница 65001).
  (компиляция исходного файла "Game.cpp")
  
C:\Users\user\source\repos\ChaosOfSymbols\ChaosOfSymbols\World.h(1,1): warning C4828: Файл содержит знак, начинающийся со смещения 0x4da, который является недопустимым в текущей исходной кодировке (кодовая страница 65001).
  (компиляция исходного файла "Game.cpp")
  
C:\Users\user\source\repos\ChaosOfSymbols\ChaosOfSymbols\World.h(1,1): warning C4828: Файл содержит знак, начинающийся со смещения 0x4dd, который является недопустимым в текущей исходной кодировке (кодовая страница 65001).
  (компиляция исходного файла "Game.cpp")
  
C:\Users\user\source\repos\ChaosOfSymbols\ChaosOfSymbols\World.h(1,1): warning C4828: Файл содержит знак, начинающийся со смещения 0x4e0, который является недопустимым в текущей исходной кодировке (кодовая страница 65001).
  (компиляция исходного файла "Game.cpp")
  
C:\Users\user\source\repos\ChaosOfSymbols\ChaosOfSymbols\World.h(1,1): warning C4828: Файл содержит знак, начинающийся со смещения 0x4e4, который является недопустимым в текущей исходной кодировке (кодовая страница 65001).
  (компиляция исходного файла "Game.cpp")
  
C:\Users\user\source\repos\ChaosOfSymbols\ChaosOfSymbols\World.h(1,1): warning C4828: Файл содержит знак, начинающийся со смещения 0x4e8, который является недопустимым в текущей исходной кодировке (кодовая страница 65001).
  (компиляция исходного файла "Game.cpp")
  
C:\Users\user\source\repos\ChaosOfSymbols\ChaosOfSymbols\World.h(1,1): warning C4828: Файл содержит знак, начинающийся со смещения 0x4eb, который является недопустимым в текущей исходной кодировке (кодовая страница 65001).
  (компиляция исходного файла "Game.cpp")
  
C:\Users\user\source\repos\ChaosOfSymbols\ChaosOfSymbols\World.h(1,1): warning C4828: Файл содержит знак, начинающийся со смещения 0x55f, который является недопустимым в текущей исходной кодировке (кодовая страница 65001).
  (компиляция исходного файла "Game.cpp")
  
C:\Users\user\source\repos\ChaosOfSymbols\ChaosOfSymbols\World.h(1,1): warning C4828: Файл содержит знак, начинающийся со смещения 0x561, который является недопустимым в текущей исходной кодировке (кодовая страница 65001).
  (компиляция исходного файла "Game.cpp")
  
C:\Users\user\source\repos\ChaosOfSymbols\ChaosOfSymbols\World.h(1,1): warning C4828: Файл содержит знак, начинающийся со смещения 0x565, который является недопустимым в текущей исходной кодировке (кодовая страница 65001).
  (компиляция исходного файла "Game.cpp")
  
C:\Users\user\source\repos\ChaosOfSymbols\ChaosOfSymbols\World.h(1,1): warning C4828: Файл содержит знак, начинающийся со смещения 0x569, который является недопустимым в текущей исходной кодировке (кодовая страница 65001).
  (компиляция исходного файла "Game.cpp")
  
C:\Users\user\source\repos\ChaosOfSymbols\ChaosOfSymbols\World.h(1,1): warning C4828: Файл содержит знак, начинающийся со смещения 0x56c, который является недопустимым в текущей исходной кодировке (кодовая страница 65001).
  (компиляция исходного файла "Game.cpp")
  
C:\Users\user\source\repos\ChaosOfSymbols\ChaosOfSymbols\World.h(1,1): warning C4828: Файл содержит знак, начинающийся со смещения 0x570, который является недопустимым в текущей исходной кодировке (кодовая страница 65001).
  (компиляция исходного файла "Game.cpp")
  
C:\Users\user\source\repos\ChaosOfSymbols\ChaosOfSymbols\World.h(1,1): warning C4828: Файл содержит знак, начинающийся со смещения 0x573, который является недопустимым в текущей исходной кодировке (кодовая страница 65001).
  (компиляция исходного файла "Game.cpp")
  
C:\Users\user\source\repos\ChaosOfSymbols\ChaosOfSymbols\World.h(1,1): warning C4828: Файл содержит знак, начинающийся со смещения 0x577, который является недопустимым в текущей исходной кодировке (кодовая страница 65001).
  (компиляция исходного файла "Game.cpp")
  
C:\Users\user\source\repos\ChaosOfSymbols\ChaosOfSymbols\World.h(1,1): warning C4828: Файл содержит знак, начинающийся со смещения 0x57a, который является недопустимым в текущей исходной кодировке (кодовая страница 65001).
  (компиляция исходного файла "Game.cpp")
  
C:\Users\user\source\repos\ChaosOfSymbols\ChaosOfSymbols\World.h(1,1): warning C4828: Файл содержит знак, начинающийся со смещения 0x57d, который является недопустимым в текущей исходной кодировке (кодовая страница 65001).
  (компиляция исходного файла "Game.cpp")
  
C:\Users\user\source\repos\ChaosOfSymbols\ChaosOfSymbols\World.h(1,1): warning C4828: Файл содержит знак, начинающийся со смещения 0x580, который является недопустимым в текущей исходной кодировке (кодовая страница 65001).
  (компиляция исходного файла "Game.cpp")
  
C:\Users\user\source\repos\ChaosOfSymbols\ChaosOfSymbols\World.h(1,1): warning C4828: Файл содержит знак, начинающийся со смещения 0x583, который является недопустимым в текущей исходной кодировке (кодовая страница 65001).
  (компиляция исходного файла "Game.cpp")
  
C:\Users\user\source\repos\ChaosOfSymbols\ChaosOfSymbols\World.h(1,1): warning C4828: Файл содержит знак, начинающийся со смещения 0x586, который является недопустимым в текущей исходной кодировке (кодовая страница 65001).
  (компиляция исходного файла "Game.cpp")
  
C:\Users\user\source\repos\ChaosOfSymbols\ChaosOfSymbols\World.h(1,1): warning C4828: Файл содержит знак, начинающийся со смещения 0x58a, который является недопустимым в текущей исходной кодировке (кодовая страница 65001).
  (компиляция исходного файла "Game.cpp")
  
C:\Users\user\source\repos\ChaosOfSymbols\ChaosOfSymbols\World.h(1,1): warning C4828: Файл содержит знак, начинающийся со смещения 0x58e, который является недопустимым в текущей исходной кодировке (кодовая страница 65001).
  (компиляция исходного файла "Game.cpp")
  
C:\Users\user\source\repos\ChaosOfSymbols\ChaosOfSymbols\World.h(1,1): warning C4828: Файл содержит знак, начинающийся со смещения 0x591, который является недопустимым в текущей исходной кодировке (кодовая страница 65001).
  (компиляция исходного файла "Game.cpp")
  
C:\Users\user\source\repos\ChaosOfSymbols\ChaosOfSymbols\World.h(1,1): warning C4828: Файл содержит знак, начинающийся со смещения 0x739, который является недопустимым в текущей исходной кодировке (кодовая страница 65001).
  (компиляция исходного файла "Game.cpp")
  
C:\Users\user\source\repos\ChaosOfSymbols\ChaosOfSymbols\World.h(1,1): warning C4828: Файл содержит знак, начинающийся со смещения 0x73b, который является недопустимым в текущей исходной кодировке (кодовая страница 65001).
  (компиляция исходного файла "Game.cpp")
  
C:\Users\user\source\repos\ChaosOfSymbols\ChaosOfSymbols\World.h(1,1): warning C4828: Файл содержит знак, начинающийся со смещения 0x73c, который является недопустимым в текущей исходной кодировке (кодовая страница 65001).
  (компиляция исходного файла "Game.cpp")
  
C:\Users\user\source\repos\ChaosOfSymbols\ChaosOfSymbols\World.h(1,1): warning C4828: Файл содержит знак, начинающийся со смещения 0x73d, который является недопустимым в текущей исходной кодировке (кодовая страница 65001).
  (компиляция исходного файла "Game.cpp")
  
C:\Users\user\source\repos\ChaosOfSymbols\ChaosOfSymbols\World.h(1,1): warning C4828: Файл содержит знак, начинающийся со смещения 0x73f, который является недопустимым в текущей исходной кодировке (кодовая страница 65001).
  (компиляция исходного файла "Game.cpp")
  
C:\Users\user\source\repos\ChaosOfSymbols\ChaosOfSymbols\World.h(1,1): warning C4828: Файл содержит знак, начинающийся со смещения 0x742, который является недопустимым в текущей исходной кодировке (кодовая страница 65001).
  (компиляция исходного файла "Game.cpp")
  
C:\Users\user\source\repos\ChaosOfSymbols\ChaosOfSymbols\World.h(1,1): warning C4828: Файл содержит знак, начинающийся со смещения 0x744, который является недопустимым в текущей исходной кодировке (кодовая страница 65001).
  (компиляция исходного файла "Game.cpp")
  
C:\Users\user\source\repos\ChaosOfSymbols\ChaosOfSymbols\World.h(1,1): warning C4828: Файл содержит знак, начинающийся со смещения 0x750, который является недопустимым в текущей исходной кодировке (кодовая страница 65001).
  (компиляция исходного файла "Game.cpp")
  
C:\Users\user\source\repos\ChaosOfSymbols\ChaosOfSymbols\World.h(1,1): warning C4828: Файл содержит знак, начинающийся со смещения 0x752, который является недопустимым в текущей исходной кодировке (кодовая страница 65001).
  (компиляция исходного файла "Game.cpp")
  
C:\Users\user\source\repos\ChaosOfSymbols\ChaosOfSymbols\World.h(1,1): warning C4828: Файл содержит знак, начинающийся со смещения 0x757, который является недопустимым в текущей исходной кодировке (кодовая страница 65001).
  (компиляция исходного файла "Game.cpp")
  
C:\Users\user\source\repos\ChaosOfSymbols\ChaosOfSymbols\World.h(1,1): warning C4828: Файл содержит знак, начинающийся со смещения 0x75b, который является недопустимым в текущей исходной кодировке (кодовая страница 65001).
  (компиляция исходного файла "Game.cpp")
  
C:\Users\user\source\repos\ChaosOfSymbols\ChaosOfSymbols\World.h(1,1): warning C4828: Файл содержит знак, начинающийся со смещения 0x75e, который является недопустимым в текущей исходной кодировке (кодовая страница 65001).
  (компиляция исходного файла "Game.cpp")
  
C:\Users\user\source\repos\ChaosOfSymbols\ChaosOfSymbols\World.h(1,1): warning C4828: Файл содержит знак, начинающийся со смещения 0x762, который является недопустимым в текущей исходной кодировке (кодовая страница 65001).
  (компиляция исходного файла "Game.cpp")
  
C:\Users\user\source\repos\ChaosOfSymbols\ChaosOfSymbols\World.h(1,1): warning C4828: Файл содержит знак, начинающийся со смещения 0x766, который является недопустимым в текущей исходной кодировке (кодовая страница 65001).
  (компиляция исходного файла "Game.cpp")
  
C:\Users\user\source\repos\ChaosOfSymbols\ChaosOfSymbols\World.h(1,1): warning C4828: Файл содержит знак, начинающийся со смещения 0x769, который является недопустимым в текущей исходной кодировке (кодовая страница 65001).
  (компиляция исходного файла "Game.cpp")
  
C:\Users\user\source\repos\ChaosOfSymbols\ChaosOfSymbols\World.h(1,1): warning C4828: Файл содержит знак, начинающийся со смещения 0x76c, который является недопустимым в текущей исходной кодировке (кодовая страница 65001).
  (компиляция исходного файла "Game.cpp")
  
C:\Users\user\source\repos\ChaosOfSymbols\ChaosOfSymbols\World.h(1,1): warning C4828: Файл содержит знак, начинающийся со смещения 0x830, который является недопустимым в текущей исходной кодировке (кодовая страница 65001).
  (компиляция исходного файла "Game.cpp")
  
C:\Users\user\source\repos\ChaosOfSymbols\ChaosOfSymbols\World.h(1,1): warning C4828: Файл содержит знак, начинающийся со смещения 0x832, который является недопустимым в текущей исходной кодировке (кодовая страница 65001).
  (компиляция исходного файла "Game.cpp")
  
C:\Users\user\source\repos\ChaosOfSymbols\ChaosOfSymbols\World.h(1,1): warning C4828: Файл содержит знак, начинающийся со смещения 0x834, который является недопустимым в текущей исходной кодировке (кодовая страница 65001).
  (компиляция исходного файла "Game.cpp")
  
C:\Users\user\source\repos\ChaosOfSymbols\ChaosOfSymbols\World.h(1,1): warning C4828: Файл содержит знак, начинающийся со смещения 0x837, который является недопустимым в текущей исходной кодировке (кодовая страница 65001).
  (компиляция исходного файла "Game.cpp")
  
C:\Users\user\source\repos\ChaosOfSymbols\ChaosOfSymbols\World.h(1,1): warning C4828: Файл содержит знак, начинающийся со смещения 0x839, который является недопустимым в текущей исходной кодировке (кодовая страница 65001).
  (компиляция исходного файла "Game.cpp")
  
C:\Users\user\source\repos\ChaosOfSymbols\ChaosOfSymbols\World.h(1,1): warning C4828: Файл содержит знак, начинающийся со смещения 0x83b, который является недопустимым в текущей исходной кодировке (кодовая страница 65001).
  (компиляция исходного файла "Game.cpp")
  
C:\Users\user\source\repos\ChaosOfSymbols\ChaosOfSymbols\World.h(1,1): warning C4828: Файл содержит знак, начинающийся со смещения 0x83d, который является недопустимым в текущей исходной кодировке (кодовая страница 65001).
  (компиляция исходного файла "Game.cpp")
  
C:\Users\user\source\repos\ChaosOfSymbols\ChaosOfSymbols\World.h(1,1): warning C4828: Файл содержит знак, начинающийся со смещения 0x841, который является недопустимым в текущей исходной кодировке (кодовая страница 65001).
  (компиляция исходного файла "Game.cpp")
  
C:\Users\user\source\repos\ChaosOfSymbols\ChaosOfSymbols\World.h(1,1): warning C4828: Файл содержит знак, начинающийся со смещения 0x843, который является недопустимым в текущей исходной кодировке (кодовая страница 65001).
  (компиляция исходного файла "Game.cpp")
  
C:\Users\user\source\repos\ChaosOfSymbols\ChaosOfSymbols\World.h(1,1): warning C4828: Файл содержит знак, начинающийся со смещения 0x844, который является недопустимым в текущей исходной кодировке (кодовая страница 65001).
  (компиляция исходного файла "Game.cpp")
  
C:\Users\user\source\repos\ChaosOfSymbols\ChaosOfSymbols\World.h(1,1): warning C4828: Файл содержит знак, начинающийся со смещения 0x845, который является недопустимым в текущей исходной кодировке (кодовая страница 65001).
  (компиляция исходного файла "Game.cpp")
  
C:\Users\user\source\repos\ChaosOfSymbols\ChaosOfSymbols\World.h(1,1): warning C4828: Файл содержит знак, начинающийся со смещения 0x847, который является недопустимым в текущей исходной кодировке (кодовая страница 65001).
  (компиляция исходного файла "Game.cpp")
  
C:\Users\user\source\repos\ChaosOfSymbols\ChaosOfSymbols\World.h(1,1): warning C4828: Файл содержит знак, начинающийся со смещения 0x84a, который является недопустимым в текущей исходной кодировке (кодовая страница 65001).
  (компиляция исходного файла "Game.cpp")
  
C:\Users\user\source\repos\ChaosOfSymbols\ChaosOfSymbols\World.h(1,1): warning C4828: Файл содержит знак, начинающийся со смещения 0x84c, который является недопустимым в текущей исходной кодировке (кодовая страница 65001).
  (компиляция исходного файла "Game.cpp")
  
C:\Users\user\source\repos\ChaosOfSymbols\ChaosOfSymbols\World.h(1,1): warning C4828: Файл содержит знак, начинающийся со смещения 0x84e, который является недопустимым в текущей исходной кодировке (кодовая страница 65001).
  (компиляция исходного файла "Game.cpp")
  
C:\Users\user\source\repos\ChaosOfSymbols\ChaosOfSymbols\World.h(1,1): warning C4828: Файл содержит знак, начинающийся со смещения 0x850, который является недопустимым в текущей исходной кодировке (кодовая страница 65001).
  (компиляция исходного файла "Game.cpp")
  
C:\Users\user\source\repos\ChaosOfSymbols\ChaosOfSymbols\World.h(1,1): warning C4828: Файл содержит знак, начинающийся со смещения 0x852, который является недопустимым в текущей исходной кодировке (кодовая страница 65001).
  (компиляция исходного файла "Game.cpp")
  
C:\Users\user\source\repos\ChaosOfSymbols\ChaosOfSymbols\World.h(1,1): warning C4828: Файл содержит знак, начинающийся со смещения 0x8fe, который является недопустимым в текущей исходной кодировке (кодовая страница 65001).
  (компиляция исходного файла "Game.cpp")
  
C:\Users\user\source\repos\ChaosOfSymbols\ChaosOfSymbols\World.h(1,1): warning C4828: Файл содержит знак, начинающийся со смещения 0x900, который является недопустимым в текущей исходной кодировке (кодовая страница 65001).
  (компиляция исходного файла "Game.cpp")
  
C:\Users\user\source\repos\ChaosOfSymbols\ChaosOfSymbols\World.h(1,1): warning C4828: Файл содержит знак, начинающийся со смещения 0x902, который является недопустимым в текущей исходной кодировке (кодовая страница 65001).
  (компиляция исходного файла "Game.cpp")
  
C:\Users\user\source\repos\ChaosOfSymbols\ChaosOfSymbols\World.h(1,1): warning C4828: Файл содержит знак, начинающийся со смещения 0x905, который является недопустимым в текущей исходной кодировке (кодовая страница 65001).
  (компиляция исходного файла "Game.cpp")
  
C:\Users\user\source\repos\ChaosOfSymbols\ChaosOfSymbols\World.h(1,1): warning C4828: Файл содержит знак, начинающийся со смещения 0x908, который является недопустимым в текущей исходной кодировке (кодовая страница 65001).
  (компиляция исходного файла "Game.cpp")
  
C:\Users\user\source\repos\ChaosOfSymbols\ChaosOfSymbols\World.h(1,1): warning C4828: Файл содержит знак, начинающийся со смещения 0x90b, который является недопустимым в текущей исходной кодировке (кодовая страница 65001).
  (компиляция исходного файла "Game.cpp")
  
C:\Users\user\source\repos\ChaosOfSymbols\ChaosOfSymbols\World.h(1,1): warning C4828: Файл содержит знак, начинающийся со смещения 0x90f, который является недопустимым в текущей исходной кодировке (кодовая страница 65001).
  (компиляция исходного файла "Game.cpp")
  
C:\Users\user\source\repos\ChaosOfSymbols\ChaosOfSymbols\World.h(1,1): warning C4828: Файл содержит знак, начинающийся со смещения 0x912, который является недопустимым в текущей исходной кодировке (кодовая страница 65001).
  (компиляция исходного файла "Game.cpp")
  
C:\Users\user\source\repos\ChaosOfSymbols\ChaosOfSymbols\World.h(1,1): warning C4828: Файл содержит знак, начинающийся со смещения 0x915, который является недопустимым в текущей исходной кодировке (кодовая страница 65001).
  (компиляция исходного файла "Game.cpp")
  
C:\Users\user\source\repos\ChaosOfSymbols\ChaosOfSymbols\World.h(1,1): warning C4828: Файл содержит знак, начинающийся со смещения 0x918, который является недопустимым в текущей исходной кодировке (кодовая страница 65001).
  (компиляция исходного файла "Game.cpp")
  
C:\Users\user\source\repos\ChaosOfSymbols\ChaosOfSymbols\World.h(1,1): warning C4828: Файл содержит знак, начинающийся со смещения 0xce5, который является недопустимым в текущей исходной кодировке (кодовая страница 65001).
  (компиляция исходного файла "Game.cpp")
  
C:\Users\user\source\repos\ChaosOfSymbols\ChaosOfSymbols\World.h(1,1): warning C4828: Файл содержит знак, начинающийся со смещения 0xce7, который является недопустимым в текущей исходной кодировке (кодовая страница 65001).
  (компиляция исходного файла "Game.cpp")
  
C:\Users\user\source\repos\ChaosOfSymbols\ChaosOfSymbols\World.h(1,1): warning C4828: Файл содержит знак, начинающийся со смещения 0xce9, который является недопустимым в текущей исходной кодировке (кодовая страница 65001).
  (компиляция исходного файла "Game.cpp")
  
C:\Users\user\source\repos\ChaosOfSymbols\ChaosOfSymbols\World.h(1,1): warning C4828: Файл содержит знак, начинающийся со смещения 0xceb, который является недопустимым в текущей исходной кодировке (кодовая страница 65001).
  (компиляция исходного файла "Game.cpp")
  
C:\Users\user\source\repos\ChaosOfSymbols\ChaosOfSymbols\World.h(1,1): warning C4828: Файл содержит знак, начинающийся со смещения 0xced, который является недопустимым в текущей исходной кодировке (кодовая страница 65001).
  (компиляция исходного файла "Game.cpp")
  
C:\Users\user\source\repos\ChaosOfSymbols\ChaosOfSymbols\World.h(1,1): warning C4828: Файл содержит знак, начинающийся со смещения 0xcef, который является недопустимым в текущей исходной кодировке (кодовая страница 65001).
  (компиляция исходного файла "Game.cpp")
  
C:\Users\user\source\repos\ChaosOfSymbols\ChaosOfSymbols\World.h(1,1): warning C4828: Файл содержит знак, начинающийся со смещения 0xcf1, который является недопустимым в текущей исходной кодировке (кодовая страница 65001).
  (компиляция исходного файла "Game.cpp")
  
C:\Users\user\source\repos\ChaosOfSymbols\ChaosOfSymbols\World.h(1,1): warning C4828: Файл содержит знак, начинающийся со смещения 0xcf3, который является недопустимым в текущей исходной кодировке (кодовая страница 65001).
  (компиляция исходного файла "Game.cpp")
  
C:\Users\user\source\repos\ChaosOfSymbols\ChaosOfSymbols\World.h(1,1): warning C4828: Файл содержит знак, начинающийся со смещения 0xcf5, который является недопустимым в текущей исходной кодировке (кодовая страница 65001).
  (компиляция исходного файла "Game.cpp")
  
C:\Users\user\source\repos\ChaosOfSymbols\ChaosOfSymbols\World.h(1,1): warning C4828: Файл содержит знак, начинающийся со смещения 0xcf7, который является недопустимым в текущей исходной кодировке (кодовая страница 65001).
  (компиляция исходного файла "Game.cpp")
  
C:\Users\user\source\repos\ChaosOfSymbols\ChaosOfSymbols\World.h(1,1): warning C4828: Файл содержит знак, начинающийся со смещения 0xcf9, который является недопустимым в текущей исходной кодировке (кодовая страница 65001).
  (компиляция исходного файла "Game.cpp")
  
C:\Users\user\source\repos\ChaosOfSymbols\ChaosOfSymbols\World.h(1,1): warning C4828: Файл содержит знак, начинающийся со смещения 0xcfc, который является недопустимым в текущей исходной кодировке (кодовая страница 65001).
  (компиляция исходного файла "Game.cpp")
  
C:\Users\user\source\repos\ChaosOfSymbols\ChaosOfSymbols\World.h(1,1): warning C4828: Файл содержит знак, начинающийся со смещения 0xcfe, который является недопустимым в текущей исходной кодировке (кодовая страница 65001).
  (компиляция исходного файла "Game.cpp")
  
C:\Users\user\source\repos\ChaosOfSymbols\ChaosOfSymbols\World.h(1,1): warning C4828: Файл содержит знак, начинающийся со смещения 0xd00, который является недопустимым в текущей исходной кодировке (кодовая страница 65001).
  (компиляция исходного файла "Game.cpp")
  
C:\Users\user\source\repos\ChaosOfSymbols\ChaosOfSymbols\World.h(1,1): warning C4828: Файл содержит знак, начинающийся со смещения 0xd02, который является недопустимым в текущей исходной кодировке (кодовая страница 65001).
  (компиляция исходного файла "Game.cpp")
  
C:\Users\user\source\repos\ChaosOfSymbols\ChaosOfSymbols\WorldSpawnConfig.h(1,1): warning C4828: Файл содержит знак, начинающийся со смещения 0xc5, который является недопустимым в текущей исходной кодировке (кодовая страница 65001).
  (компиляция исходного файла "Game.cpp")
  
C:\Users\user\source\repos\ChaosOfSymbols\ChaosOfSymbols\WorldSpawnConfig.h(1,1): warning C4828: Файл содержит знак, начинающийся со смещения 0xc7, который является недопустимым в текущей исходной кодировке (кодовая страница 65001).
  (компиляция исходного файла "Game.cpp")
  
C:\Users\user\source\repos\ChaosOfSymbols\ChaosOfSymbols\WorldSpawnConfig.h(1,1): warning C4828: Файл содержит знак, начинающийся со смещения 0xca, который является недопустимым в текущей исходной кодировке (кодовая страница 65001).
  (компиляция исходного файла "Game.cpp")
  
C:\Users\user\source\repos\ChaosOfSymbols\ChaosOfSymbols\WorldSpawnConfig.h(1,1): warning C4828: Файл содержит знак, начинающийся со смещения 0xce, который является недопустимым в текущей исходной кодировке (кодовая страница 65001).
  (компиляция исходного файла "Game.cpp")
  
C:\Users\user\source\repos\ChaosOfSymbols\ChaosOfSymbols\WorldSpawnConfig.h(1,1): warning C4828: Файл содержит знак, начинающийся со смещения 0xd1, который является недопустимым в текущей исходной кодировке (кодовая страница 65001).
  (компиляция исходного файла "Game.cpp")
  
C:\Users\user\source\repos\ChaosOfSymbols\ChaosOfSymbols\WorldSpawnConfig.h(1,1): warning C4828: Файл содержит знак, начинающийся со смещения 0xd4, который является недопустимым в текущей исходной кодировке (кодовая страница 65001).
  (компиляция исходного файла "Game.cpp")
  
C:\Users\user\source\repos\ChaosOfSymbols\ChaosOfSymbols\WorldSpawnConfig.h(1,1): warning C4828: Файл содержит знак, начинающийся со смещения 0xdb, который является недопустимым в текущей исходной кодировке (кодовая страница 65001).
  (компиляция исходного файла "Game.cpp")
  
C:\Users\user\source\repos\ChaosOfSymbols\ChaosOfSymbols\WorldSpawnConfig.h(1,1): warning C4828: Файл содержит знак, начинающийся со смещения 0xde, который является недопустимым в текущей исходной кодировке (кодовая страница 65001).
  (компиляция исходного файла "Game.cpp")
  
C:\Users\user\source\repos\ChaosOfSymbols\ChaosOfSymbols\WorldSpawnConfig.h(1,1): warning C4828: Файл содержит знак, начинающийся со смещения 0xe2, который является недопустимым в текущей исходной кодировке (кодовая страница 65001).
  (компиляция исходного файла "Game.cpp")
  
C:\Users\user\source\repos\ChaosOfSymbols\ChaosOfSymbols\SpawnRule.h(1,1): warning C4828: Файл содержит знак, начинающийся со смещения 0x90, который является недопустимым в текущей исходной кодировке (кодовая страница 65001).
  (компиляция исходного файла "Game.cpp")
  
C:\Users\user\source\repos\ChaosOfSymbols\ChaosOfSymbols\SpawnRule.h(1,1): warning C4828: Файл содержит знак, начинающийся со смещения 0x93, который является недопустимым в текущей исходной кодировке (кодовая страница 65001).
  (компиляция исходного файла "Game.cpp")
  
C:\Users\user\source\repos\ChaosOfSymbols\ChaosOfSymbols\SpawnRule.h(1,1): warning C4828: Файл содержит знак, начинающийся со смещения 0x98, который является недопустимым в текущей исходной кодировке (кодовая страница 65001).
  (компиляция исходного файла "Game.cpp")
  
C:\Users\user\source\repos\ChaosOfSymbols\ChaosOfSymbols\SpawnRule.h(1,1): warning C4828: Файл содержит знак, начинающийся со смещения 0x9c, который является недопустимым в текущей исходной кодировке (кодовая страница 65001).
  (компиляция исходного файла "Game.cpp")
  
C:\Users\user\source\repos\ChaosOfSymbols\ChaosOfSymbols\SpawnRule.h(1,1): warning C4828: Файл содержит знак, начинающийся со смещения 0xa1, который является недопустимым в текущей исходной кодировке (кодовая страница 65001).
  (компиляция исходного файла "Game.cpp")
  
C:\Users\user\source\repos\ChaosOfSymbols\ChaosOfSymbols\SpawnRule.h(1,1): warning C4828: Файл содержит знак, начинающийся со смещения 0xa4, который является недопустимым в текущей исходной кодировке (кодовая страница 65001).
  (компиляция исходного файла "Game.cpp")
  
C:\Users\user\source\repos\ChaosOfSymbols\ChaosOfSymbols\Food.h(1,1): warning C4828: Файл содержит знак, начинающийся со смещения 0xdb, который является недопустимым в текущей исходной кодировке (кодовая страница 65001).
  (компиляция исходного файла "Game.cpp")
  
C:\Users\user\source\repos\ChaosOfSymbols\ChaosOfSymbols\Food.h(1,1): warning C4828: Файл содержит знак, начинающийся со смещения 0xdd, который является недопустимым в текущей исходной кодировке (кодовая страница 65001).
  (компиляция исходного файла "Game.cpp")
  
C:\Users\user\source\repos\ChaosOfSymbols\ChaosOfSymbols\Food.h(1,1): warning C4828: Файл содержит знак, начинающийся со смещения 0xe1, который является недопустимым в текущей исходной кодировке (кодовая страница 65001).
  (компиляция исходного файла "Game.cpp")
  
C:\Users\user\source\repos\ChaosOfSymbols\ChaosOfSymbols\Food.h(1,1): warning C4828: Файл содержит знак, начинающийся со смещения 0x28e, который является недопустимым в текущей исходной кодировке (кодовая страница 65001).
  (компиляция исходного файла "Game.cpp")
  
C:\Users\user\source\repos\ChaosOfSymbols\ChaosOfSymbols\Food.h(1,1): warning C4828: Файл содержит знак, начинающийся со смещения 0x290, который является недопустимым в текущей исходной кодировке (кодовая страница 65001).
  (компиляция исходного файла "Game.cpp")
  
C:\Users\user\source\repos\ChaosOfSymbols\ChaosOfSymbols\Food.h(1,1): warning C4828: Файл содержит знак, начинающийся со смещения 0x293, который является недопустимым в текущей исходной кодировке (кодовая страница 65001).
  (компиляция исходного файла "Game.cpp")
  
C:\Users\user\source\repos\ChaosOfSymbols\ChaosOfSymbols\Food.h(1,1): warning C4828: Файл содержит знак, начинающийся со смещения 0x294, который является недопустимым в текущей исходной кодировке (кодовая страница 65001).
  (компиляция исходного файла "Game.cpp")
  
C:\Users\user\source\repos\ChaosOfSymbols\ChaosOfSymbols\Food.h(1,1): warning C4828: Файл содержит знак, начинающийся со смещения 0x298, который является недопустимым в текущей исходной кодировке (кодовая страница 65001).
  (компиляция исходного файла "Game.cpp")
  
C:\Users\user\source\repos\ChaosOfSymbols\ChaosOfSymbols\Food.h(1,1): warning C4828: Файл содержит знак, начинающийся со смещения 0x29c, который является недопустимым в текущей исходной кодировке (кодовая страница 65001).
  (компиляция исходного файла "Game.cpp")
  
C:\Users\user\source\repos\ChaosOfSymbols\ChaosOfSymbols\Food.h(1,1): warning C4828: Файл содержит знак, начинающийся со смещения 0x29f, который является недопустимым в текущей исходной кодировке (кодовая страница 65001).
  (компиляция исходного файла "Game.cpp")
  
C:\Users\user\source\repos\ChaosOfSymbols\ChaosOfSymbols\Food.h(1,1): warning C4828: Файл содержит знак, начинающийся со смещения 0x347, который является недопустимым в текущей исходной кодировке (кодовая страница 65001).
  (компиляция исходного файла "Game.cpp")
  
C:\Users\user\source\repos\ChaosOfSymbols\ChaosOfSymbols\Food.h(1,1): warning C4828: Файл содержит знак, начинающийся со смещения 0x349, который является недопустимым в текущей исходной кодировке (кодовая страница 65001).
  (компиляция исходного файла "Game.cpp")
  
C:\Users\user\source\repos\ChaosOfSymbols\ChaosOfSymbols\Food.h(1,1): warning C4828: Файл содержит знак, начинающийся со смещения 0x34d, который является недопустимым в текущей исходной кодировке (кодовая страница 65001).
  (компиляция исходного файла "Game.cpp")
  
C:\Users\user\source\repos\ChaosOfSymbols\ChaosOfSymbols\Food.h(1,1): warning C4828: Файл содержит знак, начинающийся со смещения 0x34f, который является недопустимым в текущей исходной кодировке (кодовая страница 65001).
  (компиляция исходного файла "Game.cpp")
  
C:\Users\user\source\repos\ChaosOfSymbols\ChaosOfSymbols\Food.h(1,1): warning C4828: Файл содержит знак, начинающийся со смещения 0x353, который является недопустимым в текущей исходной кодировке (кодовая страница 65001).
  (компиляция исходного файла "Game.cpp")
  
C:\Users\user\source\repos\ChaosOfSymbols\ChaosOfSymbols\Food.h(1,1): warning C4828: Файл содержит знак, начинающийся со смещения 0x356, который является недопустимым в текущей исходной кодировке (кодовая страница 65001).
  (компиляция исходного файла "Game.cpp")
  
C:\Users\user\source\repos\ChaosOfSymbols\ChaosOfSymbols\Food.h(1,1): warning C4828: Файл содержит знак, начинающийся со смещения 0x35a, который является недопустимым в текущей исходной кодировке (кодовая страница 65001).
  (компиляция исходного файла "Game.cpp")
  
C:\Users\user\source\repos\ChaosOfSymbols\ChaosOfSymbols\Food.h(1,1): warning C4828: Файл содержит знак, начинающийся со смещения 0x35e, который является недопустимым в текущей исходной кодировке (кодовая страница 65001).
  (компиляция исходного файла "Game.cpp")
  
C:\Users\user\source\repos\ChaosOfSymbols\ChaosOfSymbols\Food.h(1,1): warning C4828: Файл содержит знак, начинающийся со смещения 0x362, который является недопустимым в текущей исходной кодировке (кодовая страница 65001).
  (компиляция исходного файла "Game.cpp")
  
C:\Users\user\source\repos\ChaosOfSymbols\ChaosOfSymbols\Food.h(1,1): warning C4828: Файл содержит знак, начинающийся со смещения 0x366, который является недопустимым в текущей исходной кодировке (кодовая страница 65001).
  (компиляция исходного файла "Game.cpp")
  
C:\Users\user\source\repos\ChaosOfSymbols\ChaosOfSymbols\Food.h(1,1): warning C4828: Файл содержит знак, начинающийся со смещения 0x369, который является недопустимым в текущей исходной кодировке (кодовая страница 65001).
  (компиляция исходного файла "Game.cpp")
  
C:\Users\user\source\repos\ChaosOfSymbols\ChaosOfSymbols\Food.h(1,1): warning C4828: Файл содержит знак, начинающийся со смещения 0x36a, который является недопустимым в текущей исходной кодировке (кодовая страница 65001).
  (компиляция исходного файла "Game.cpp")
  
C:\Users\user\source\repos\ChaosOfSymbols\ChaosOfSymbols\Food.h(1,1): warning C4828: Файл содержит знак, начинающийся со смещения 0x36b, который является недопустимым в текущей исходной кодировке (кодовая страница 65001).
  (компиляция исходного файла "Game.cpp")
  
C:\Users\user\source\repos\ChaosOfSymbols\ChaosOfSymbols\Food.h(1,1): warning C4828: Файл содержит знак, начинающийся со смещения 0x36e, который является недопустимым в текущей исходной кодировке (кодовая страница 65001).
  (компиляция исходного файла "Game.cpp")
  
C:\Users\user\source\repos\ChaosOfSymbols\ChaosOfSymbols\Food.h(1,1): warning C4828: Файл содержит знак, начинающийся со смещения 0x372, который является недопустимым в текущей исходной кодировке (кодовая страница 65001).
  (компиляция исходного файла "Game.cpp")
  
C:\Users\user\source\repos\ChaosOfSymbols\ChaosOfSymbols\Food.h(1,1): warning C4828: Файл содержит знак, начинающийся со смещения 0x377, который является недопустимым в текущей исходной кодировке (кодовая страница 65001).
  (компиляция исходного файла "Game.cpp")
  
C:\Users\user\source\repos\ChaosOfSymbols\ChaosOfSymbols\Food.h(1,1): warning C4828: Файл содержит знак, начинающийся со смещения 0x37a, который является недопустимым в текущей исходной кодировке (кодовая страница 65001).
  (компиляция исходного файла "Game.cpp")
  
C:\Users\user\source\repos\ChaosOfSymbols\ChaosOfSymbols\Food.h(1,1): warning C4828: Файл содержит знак, начинающийся со смещения 0x37d, который является недопустимым в текущей исходной кодировке (кодовая страница 65001).
  (компиляция исходного файла "Game.cpp")
  
C:\Users\user\source\repos\ChaosOfSymbols\ChaosOfSymbols\Food.h(1,1): warning C4828: Файл содержит знак, начинающийся со смещения 0x380, который является недопустимым в текущей исходной кодировке (кодовая страница 65001).
  (компиляция исходного файла "Game.cpp")
  
C:\Users\user\source\repos\ChaosOfSymbols\ChaosOfSymbols\FoodManager.h(15,51): warning C4267: return: преобразование из "size_t" в "int"; возможна потеря данных
  (компиляция исходного файла "Game.cpp")
  
C:\Users\user\source\repos\ChaosOfSymbols\ChaosOfSymbols\RenderSystem.h(1,1): warning C4828: Файл содержит знак, начинающийся со смещения 0x134, который является недопустимым в текущей исходной кодировке (кодовая страница 65001).
  (компиляция исходного файла "Game.cpp")
  
C:\Users\user\source\repos\ChaosOfSymbols\ChaosOfSymbols\RenderSystem.h(1,1): warning C4828: Файл содержит знак, начинающийся со смещения 0x136, который является недопустимым в текущей исходной кодировке (кодовая страница 65001).
  (компиляция исходного файла "Game.cpp")
  
C:\Users\user\source\repos\ChaosOfSymbols\ChaosOfSymbols\RenderSystem.h(1,1): warning C4828: Файл содержит знак, начинающийся со смещения 0x139, который является недопустимым в текущей исходной кодировке (кодовая страница 65001).
  (компиляция исходного файла "Game.cpp")
  
C:\Users\user\source\repos\ChaosOfSymbols\ChaosOfSymbols\RenderSystem.h(1,1): warning C4828: Файл содержит знак, начинающийся со смещения 0x13c, который является недопустимым в текущей исходной кодировке (кодовая страница 65001).
  (компиляция исходного файла "Game.cpp")
  
C:\Users\user\source\repos\ChaosOfSymbols\ChaosOfSymbols\RenderSystem.h(1,1): warning C4828: Файл содержит знак, начинающийся со смещения 0x1d4, который является недопустимым в текущей исходной кодировке (кодовая страница 65001).
  (компиляция исходного файла "Game.cpp")
  
C:\Users\user\source\repos\ChaosOfSymbols\ChaosOfSymbols\RenderSystem.h(1,1): warning C4828: Файл содержит знак, начинающийся со смещения 0x1d6, который является недопустимым в текущей исходной кодировке (кодовая страница 65001).
  (компиляция исходного файла "Game.cpp")
  
C:\Users\user\source\repos\ChaosOfSymbols\ChaosOfSymbols\RenderSystem.h(1,1): warning C4828: Файл содержит знак, начинающийся со смещения 0x1d9, который является недопустимым в текущей исходной кодировке (кодовая страница 65001).
  (компиляция исходного файла "Game.cpp")
  
C:\Users\user\source\repos\ChaosOfSymbols\ChaosOfSymbols\RenderSystem.h(1,1): warning C4828: Файл содержит знак, начинающийся со смещения 0x1da, который является недопустимым в текущей исходной кодировке (кодовая страница 65001).
  (компиляция исходного файла "Game.cpp")
  
C:\Users\user\source\repos\ChaosOfSymbols\ChaosOfSymbols\RenderSystem.h(1,1): warning C4828: Файл содержит знак, начинающийся со смещения 0x23d, который является недопустимым в текущей исходной кодировке (кодовая страница 65001).
  (компиляция исходного файла "Game.cpp")
  
C:\Users\user\source\repos\ChaosOfSymbols\ChaosOfSymbols\RenderSystem.h(1,1): warning C4828: Файл содержит знак, начинающийся со смещения 0x23f, который является недопустимым в текущей исходной кодировке (кодовая страница 65001).
  (компиляция исходного файла "Game.cpp")
  
C:\Users\user\source\repos\ChaosOfSymbols\ChaosOfSymbols\RenderSystem.h(1,1): warning C4828: Файл содержит знак, начинающийся со смещения 0x2a8, который является недопустимым в текущей исходной кодировке (кодовая страница 65001).
  (компиляция исходного файла "Game.cpp")
  
C:\Users\user\source\repos\ChaosOfSymbols\ChaosOfSymbols\RenderSystem.h(1,1): warning C4828: Файл содержит знак, начинающийся со смещения 0x2aa, который является недопустимым в текущей исходной кодировке (кодовая страница 65001).
  (компиляция исходного файла "Game.cpp")
  
C:\Users\user\source\repos\ChaosOfSymbols\ChaosOfSymbols\RenderSystem.h(1,1): warning C4828: Файл содержит знак, начинающийся со смещения 0x2ad, который является недопустимым в текущей исходной кодировке (кодовая страница 65001).
  (компиляция исходного файла "Game.cpp")
  
C:\Users\user\source\repos\ChaosOfSymbols\ChaosOfSymbols\RenderSystem.h(1,1): warning C4828: Файл содержит знак, начинающийся со смещения 0x2b0, который является недопустимым в текущей исходной кодировке (кодовая страница 65001).
  (компиляция исходного файла "Game.cpp")
  
C:\Users\user\source\repos\ChaosOfSymbols\ChaosOfSymbols\RenderSystem.h(1,1): warning C4828: Файл содержит знак, начинающийся со смещения 0x2b1, который является недопустимым в текущей исходной кодировке (кодовая страница 65001).
  (компиляция исходного файла "Game.cpp")
  
C:\Users\user\source\repos\ChaosOfSymbols\ChaosOfSymbols\RenderSystem.h(1,1): warning C4828: Файл содержит знак, начинающийся со смещения 0x2b6, который является недопустимым в текущей исходной кодировке (кодовая страница 65001).
  (компиляция исходного файла "Game.cpp")
  
C:\Users\user\source\repos\ChaosOfSymbols\ChaosOfSymbols\RenderSystem.h(1,1): warning C4828: Файл содержит знак, начинающийся со смещения 0x2ba, который является недопустимым в текущей исходной кодировке (кодовая страница 65001).
  (компиляция исходного файла "Game.cpp")
  
C:\Users\user\source\repos\ChaosOfSymbols\ChaosOfSymbols\RenderSystem.h(1,1): warning C4828: Файл содержит знак, начинающийся со смещения 0x2bd, который является недопустимым в текущей исходной кодировке (кодовая страница 65001).
  (компиляция исходного файла "Game.cpp")
  
C:\Users\user\source\repos\ChaosOfSymbols\ChaosOfSymbols\RenderSystem.h(1,1): warning C4828: Файл содержит знак, начинающийся со смещения 0x36d, который является недопустимым в текущей исходной кодировке (кодовая страница 65001).
  (компиляция исходного файла "Game.cpp")
  
C:\Users\user\source\repos\ChaosOfSymbols\ChaosOfSymbols\RenderSystem.h(1,1): warning C4828: Файл содержит знак, начинающийся со смещения 0x36f, который является недопустимым в текущей исходной кодировке (кодовая страница 65001).
  (компиляция исходного файла "Game.cpp")
  
C:\Users\user\source\repos\ChaosOfSymbols\ChaosOfSymbols\RenderSystem.h(1,1): warning C4828: Файл содержит знак, начинающийся со смещения 0x372, который является недопустимым в текущей исходной кодировке (кодовая страница 65001).
  (компиляция исходного файла "Game.cpp")
  
C:\Users\user\source\repos\ChaosOfSymbols\ChaosOfSymbols\RenderSystem.h(1,1): warning C4828: Файл содержит знак, начинающийся со смещения 0x376, который является недопустимым в текущей исходной кодировке (кодовая страница 65001).
  (компиляция исходного файла "Game.cpp")
  
C:\Users\user\source\repos\ChaosOfSymbols\ChaosOfSymbols\RenderSystem.h(1,1): warning C4828: Файл содержит знак, начинающийся со смещения 0x82e, который является недопустимым в текущей исходной кодировке (кодовая страница 65001).
  (компиляция исходного файла "Game.cpp")
  
C:\Users\user\source\repos\ChaosOfSymbols\ChaosOfSymbols\RenderSystem.h(1,1): warning C4828: Файл содержит знак, начинающийся со смещения 0x830, который является недопустимым в текущей исходной кодировке (кодовая страница 65001).
  (компиляция исходного файла "Game.cpp")
  
C:\Users\user\source\repos\ChaosOfSymbols\ChaosOfSymbols\RenderSystem.h(1,1): warning C4828: Файл содержит знак, начинающийся со смещения 0x835, который является недопустимым в текущей исходной кодировке (кодовая страница 65001).
  (компиляция исходного файла "Game.cpp")
  
C:\Users\user\source\repos\ChaosOfSymbols\ChaosOfSymbols\RenderSystem.h(1,1): warning C4828: Файл содержит знак, начинающийся со смещения 0x839, который является недопустимым в текущей исходной кодировке (кодовая страница 65001).
  (компиляция исходного файла "Game.cpp")
  
C:\Users\user\source\repos\ChaosOfSymbols\ChaosOfSymbols\RenderSystem.h(1,1): warning C4828: Файл содержит знак, начинающийся со смещения 0x83d, который является недопустимым в текущей исходной кодировке (кодовая страница 65001).
  (компиляция исходного файла "Game.cpp")
  
C:\Users\user\source\repos\ChaosOfSymbols\ChaosOfSymbols\RenderSystem.h(1,1): warning C4828: Файл содержит знак, начинающийся со смещения 0x840, который является недопустимым в текущей исходной кодировке (кодовая страница 65001).
  (компиляция исходного файла "Game.cpp")
  
C:\Users\user\source\repos\ChaosOfSymbols\ChaosOfSymbols\Game.cpp(66,23): warning C4267: инициализация: преобразование из "size_t" в "int"; возможна потеря данных
  ChaosOfSymbols.vcxproj -> C:\Users\user\source\repos\ChaosOfSymbols\x64\Debug\ChaosOfSymbols.exe
  "pwsh.exe" не является внутренней или внешней
  командой, исполняемой программой или пакетным файлом.
