c:\users\user\source\repos\chaosofsymbols\chaosofsymbols\x64\debug\vc143.pdb
c:\users\user\source\repos\chaosofsymbols\chaosofsymbols\x64\debug\vc143.idb
c:\users\user\source\repos\chaosofsymbols\chaosofsymbols\x64\debug\worldgenerationconfig.obj
c:\users\user\source\repos\chaosofsymbols\chaosofsymbols\x64\debug\world.obj
c:\users\user\source\repos\chaosofsymbols\chaosofsymbols\x64\debug\tiletypemanager.obj
c:\users\user\source\repos\chaosofsymbols\chaosofsymbols\x64\debug\tiletype.obj
c:\users\user\source\repos\chaosofsymbols\chaosofsymbols\x64\debug\rendersystem.obj
c:\users\user\source\repos\chaosofsymbols\chaosofsymbols\x64\debug\main.obj
c:\users\user\source\repos\chaosofsymbols\chaosofsymbols\x64\debug\logger.obj
c:\users\user\source\repos\chaosofsymbols\chaosofsymbols\x64\debug\gamesettings.obj
c:\users\user\source\repos\chaosofsymbols\chaosofsymbols\x64\debug\game.obj
c:\users\user\source\repos\chaosofsymbols\chaosofsymbols\x64\debug\cellularautomatonrules.obj
c:\users\user\source\repos\chaosofsymbols\chaosofsymbols\x64\debug\worldspawnconfig.obj
c:\users\user\source\repos\chaosofsymbols\chaosofsymbols\x64\debug\foodmanager.obj
c:\users\user\source\repos\chaosofsymbols\chaosofsymbols\x64\debug\food.obj
c:\users\user\source\repos\chaosofsymbols\x64\debug\chaosofsymbols.exe
c:\users\user\source\repos\chaosofsymbols\x64\debug\chaosofsymbols.pdb
c:\users\user\source\repos\chaosofsymbols\chaosofsymbols\x64\debug\chaosofsymbols.ilk
c:\users\user\source\repos\chaosofsymbols\chaosofsymbols\x64\debug\chaosofsymbols.tlog\cl.command.1.tlog
c:\users\user\source\repos\chaosofsymbols\chaosofsymbols\x64\debug\chaosofsymbols.tlog\cl.items.tlog
c:\users\user\source\repos\chaosofsymbols\chaosofsymbols\x64\debug\chaosofsymbols.tlog\cl.read.1.tlog
c:\users\user\source\repos\chaosofsymbols\chaosofsymbols\x64\debug\chaosofsymbols.tlog\cl.write.1.tlog
c:\users\user\source\repos\chaosofsymbols\chaosofsymbols\x64\debug\chaosofsymbols.tlog\link.command.1.tlog
c:\users\user\source\repos\chaosofsymbols\chaosofsymbols\x64\debug\chaosofsymbols.tlog\link.read.1.tlog
c:\users\user\source\repos\chaosofsymbols\chaosofsymbols\x64\debug\chaosofsymbols.tlog\link.secondary.1.tlog
c:\users\user\source\repos\chaosofsymbols\chaosofsymbols\x64\debug\chaosofsymbols.tlog\link.write.1.tlog
